make all --print-data-base --no-builtin-variables --no-builtin-rules --question
# GNU Make 4.3
# Built for x86_64-pc-linux-gnu
# Copyright (C) 1988-2020 Free Software Foundation, Inc.
# License GPLv3+: GNU GPL version 3 or later <http://gnu.org/licenses/gpl.html>
# This is free software: you are free to change and redistribute it.
# There is NO WARRANTY, to the extent permitted by law.

# Make data base, printed on Sun Nov 13 05:41:18 2022

# Variables

# environment
REMOTE_CONTAINERS_SOCKETS = ["/tmp/vscode-ssh-auth-d40fe21a0b82ffebdc9102cba73044d916d48af5.sock"]
# environment
GO111MODULE = auto
# environment
LC_ALL = C
# environment
VSCODE_CWD = /home/vscode/.vscode-server/bin/6261075646f055b99068d3688932416f2346dd3b
# environment
NVM_DIR = /usr/local/share/nvm
# default
MAKE_COMMAND := make
# environment
VSCODE_HANDLES_SIGPIPE = true
# environment
GOPATH = /go
# automatic
@D = $(patsubst %/,%,$(dir $@))
# environment
VSCODE_HANDLES_UNCAUGHT_ERRORS = true
# default
.VARIABLES := 
# environment
PWD = /com.docker.devenvironments.code
# automatic
%D = $(patsubst %/,%,$(dir $%))
# environment
HOSTNAME = 2681f2783077
# automatic
^D = $(patsubst %/,%,$(dir $^))
# automatic
%F = $(notdir $%)
# environment
LANG = C
# environment
NVM_SYMLINK_CURRENT = true
# default
.LOADED := 
# default
.INCLUDE_DIRS = /usr/local/include /usr/include /usr/include
# environment
PROMPT_DIRTRIM = 4
# makefile
MAKEFLAGS = pqrR
# environment
GOLANG_VERSION = 1.19
# makefile
CURDIR := /com.docker.devenvironments.code
# environment
APPLICATION_INSIGHTS_NO_DIAGNOSTIC_CHANNEL = 1
# automatic
*D = $(patsubst %/,%,$(dir $*))
# environment
MFLAGS = -pqrR
# environment
SSH_AUTH_SOCK = /tmp/vscode-ssh-auth-d40fe21a0b82ffebdc9102cba73044d916d48af5.sock
# default
.SHELLFLAGS := -c
# automatic
+D = $(patsubst %/,%,$(dir $+))
# makefile (from 'Makefile', line 1)
MAKEFILE_LIST := Makefile
# automatic
@F = $(notdir $@)
# automatic
?D = $(patsubst %/,%,$(dir $?))
# automatic
*F = $(notdir $*)
# automatic
<D = $(patsubst %/,%,$(dir $<))
# environment
VSCODE_NLS_CONFIG = {"locale":"en","availableLanguages":{}}
# default
MAKE_HOST := x86_64-pc-linux-gnu
# makefile
SHELL = /bin/sh
# default
MAKECMDGOALS := all
# environment
SHLVL = 1
# environment
MAKELEVEL := 0
# default
MAKE = $(MAKE_COMMAND)
# environment
PATH = /home/vscode/.vscode-server/bin/6261075646f055b99068d3688932416f2346dd3b/bin/remote-cli:/usr/local/share/nvm/current/bin:/go/bin:/usr/local/go/bin:/usr/local/bin:/usr/bin:/bin:/usr/local/games:/usr/games:/home/vscode/.local/bin
# default
MAKEFILES := 
# automatic
^F = $(notdir $^)
# environment
REMOTE_CONTAINERS_IPC = /tmp/vscode-remote-containers-ipc-d40fe21a0b82ffebdc9102cba73044d916d48af5.sock
# environment
REMOTE_CONTAINERS = true
# automatic
?F = $(notdir $?)
# environment
LS_COLORS = 
# automatic
+F = $(notdir $+)
# 'override' directive
GNUMAKEFLAGS := 
# environment
BROWSER = /home/vscode/.vscode-server/bin/6261075646f055b99068d3688932416f2346dd3b/bin/helpers/browser.sh
# makefile
.DEFAULT_GOAL := build
# environment
USER = vscode
# default
MAKE_VERSION := 4.3
# environment
VSCODE_AGENT_FOLDER = /home/vscode/.vscode-server
# environment
_ = /bin/cat
# environment
NVM_RC_VERSION = 
# environment
VSCODE_IPC_HOOK_CLI = /tmp/vscode-ipc-aec8ba40-ce8b-4467-8ccf-a06db567d195.sock
# environment
NVM_CD_FLAGS = 
# environment
GOMODCACHE = /go/pkg/mod
# environment
VSCODE_AMD_ENTRYPOINT = vs/workbench/api/node/extensionHostProcess
# environment
HOME = /home/vscode
# environment
ELECTRON_RUN_AS_NODE = 1
# environment
GOPROXY = https://proxy.golang.org,direct
# default
.RECIPEPREFIX := 
# automatic
<F = $(notdir $<)
# default
SUFFIXES := 
# default
.FEATURES := target-specific order-only second-expansion else-if shortest-stem undefine oneshell nocomment grouped-target extra-prereqs archives jobserver output-sync check-symlink load
# variable set hash-table stats:
# Load=69/1024=7%, Rehash=0, Collisions=1/99=1%

# Pattern-specific Variable Values

# No pattern-specific variable values.

# Directories

# . (device 2080, inode 126): 10 files, no impossibilities.

# 10 files, no impossibilities in 1 directories.

# Implicit Rules

# No implicit rules.

# Files

# Not a target:
Makefile:
#  Implicit rule search has been done.
#  Last modified 2022-11-13 05:13:55.976642265
#  File has been updated.
#  Successfully updated.

# Not a target:
.DEFAULT:
#  Implicit rule search has not been done.
#  Modification time never checked.
#  File has not been updated.

# Not a target:
all:
#  Command line target.
#  Implicit rule search has been done.
#  File does not exist.
#  File has not been updated.

run:
#  Phony target (prerequisite of .PHONY).
#  Implicit rule search has not been done.
#  File does not exist.
#  File has not been updated.
#  recipe to execute (from 'Makefile', line 8):
	go run main.go

build:
#  Phony target (prerequisite of .PHONY).
#  Implicit rule search has not been done.
#  File does not exist.
#  File has not been updated.
#  recipe to execute (from 'Makefile', line 3):
	mkdir -p bin
	go build -trimpath -o bin/single-dev-env

.PHONY: build run
#  Implicit rule search has not been done.
#  Modification time never checked.
#  File has not been updated.

# files hash-table stats:
# Load=7/1024=1%, Rehash=0, Collisions=0/22=0%
# VPATH Search Paths

# No 'vpath' search paths.

# No general ('VPATH' variable) search path.

# strcache buffers: 1 (0) / strings = 18 / storage = 150 B / avg = 8 B
# current buf: size = 8162 B / used = 150 B / count = 18 / avg = 8 B

# strcache performance: lookups = 29 / hit rate = 37%
# hash-table stats:
# Load=18/8192=0%, Rehash=0, Collisions=0/29=0%
# Finished Make data base on Sun Nov 13 05:41:18 2022

 
make: *** No rule to make target 'all'.  Stop.

